<?xml version="1.0" encoding="UTF-8"?>
<testng-results ignored="0" total="1" passed="1" failed="0" skipped="0">
  <reporter-output>
  </reporter-output>
  <suite started-at="2022-09-14T18:09:37 IST" name="Default suite" finished-at="2022-09-14T18:10:03 IST" duration-ms="26469">
    <groups>
    </groups>
    <test started-at="2022-09-14T18:09:37 IST" name="Default test" finished-at="2022-09-14T18:10:03 IST" duration-ms="26469">
      <class name="CoC.Comparision">
        <test-method signature="compareData()[pri:1, instance:CoC.Comparision@50b5ac82]" started-at="2022-09-14T18:09:37 IST" name="compareData" finished-at="2022-09-14T18:10:03 IST" duration-ms="26377" status="PASS">
          <reporter-output>
          </reporter-output>
        </test-method> <!-- compareData -->
      </class> <!-- CoC.Comparision -->
    </test> <!-- Default test -->
  </suite> <!-- Default suite -->
</testng-results>
